<?xml version="1.0" encoding="UTF-8"?>
<!-- Generated by org.testng.reporters.JUnitXMLReporter -->
<testsuite hostname="DESKTOP-536L0VO" ignored="0" name="Test" tests="5" failures="1" timestamp="05 Feb 2019 10:25:54 GMT" time="102.211" errors="0">
  <testcase name="google" time="36.971" classname="com.listener.My_Firsttest"/>
  <testcase name="test2" time="0.037" classname="com.listener.My_Firsttest">
    <failure type="java.lang.AssertionError" message="expected [venkatesh] but found [anjani]">
      <![CDATA[java.lang.AssertionError: expected [venkatesh] but found [anjani]
at com.listener.My_Firsttest.test2(My_Firsttest.java:33)
... Removed 31 stack frames]]>
    </failure>
  </testcase> <!-- test2 -->
  <testcase name="list" time="25.225" classname="com.listener.Fb_script"/>
  <testcase name="ksrtc" time="13.852" classname="com.selenium.pract.Alerttext"/>
  <testcase name="frame" time="26.05" classname="com.selenium.pract.Freecrm_ifame"/>
</testsuite> <!-- Test -->
